{"level":"info","message":"iClick2Share server started 0.18","timestamp":"2014-01-29T20:14:17.573Z"}
{"level":"info","message":"Hello support ea3957dd-8110-4cab-acf9-5df85802dd1c","timestamp":"2014-01-29T20:14:18.925Z"}
{"level":"info","message":"Domain localhost","timestamp":"2014-01-29T20:14:18.926Z"}
{"level":"info","message":"Available support:ea3957dd-8110-4cab-acf9-5df85802dd1c","timestamp":"2014-01-29T20:14:18.927Z"}
{"level":"info","message":"Support no longer available support:ea3957dd-8110-4cab-acf9-5df85802dd1c","timestamp":"2014-01-29T20:14:33.609Z"}
{"level":"info","message":"Hello support ea3957dd-8110-4cab-acf9-5df85802dd1c","timestamp":"2014-01-29T20:16:38.815Z"}
{"level":"info","message":"Available support:ea3957dd-8110-4cab-acf9-5df85802dd1c","timestamp":"2014-01-29T20:16:38.817Z"}
{"level":"info","message":"Support no longer available support:ea3957dd-8110-4cab-acf9-5df85802dd1c","timestamp":"2014-01-29T20:21:14.534Z"}
{"level":"info","message":"Hello support ea3957dd-8110-4cab-acf9-5df85802dd1c","timestamp":"2014-01-29T20:24:11.611Z"}
{"level":"info","message":"Available support:ea3957dd-8110-4cab-acf9-5df85802dd1c","timestamp":"2014-01-29T20:24:11.613Z"}
{"level":"info","message":"Hello support ea3957dd-8110-4cab-acf9-5df85802dd1c","timestamp":"2014-01-29T20:24:23.158Z"}
{"level":"info","message":"Support no longer available support:ea3957dd-8110-4cab-acf9-5df85802dd1c","timestamp":"2014-01-29T20:24:23.163Z"}
{"level":"info","message":"Zombie disconnected support:ea3957dd-8110-4cab-acf9-5df85802dd1c","timestamp":"2014-01-29T20:24:23.165Z"}
{"level":"info","message":"Available support:ea3957dd-8110-4cab-acf9-5df85802dd1c","timestamp":"2014-01-29T20:24:23.167Z"}
{"level":"info","message":"iClick2Share server started 0.18","timestamp":"2014-01-29T20:25:43.367Z"}
{"level":"info","message":"Hello support ea3957dd-8110-4cab-acf9-5df85802dd1c","timestamp":"2014-01-29T20:25:47.321Z"}
{"level":"info","message":"Domain localhost","timestamp":"2014-01-29T20:25:47.323Z"}
{"level":"info","message":"Available support:ea3957dd-8110-4cab-acf9-5df85802dd1c","timestamp":"2014-01-29T20:25:47.324Z"}
{"level":"info","message":"Hello support ea3957dd-8110-4cab-acf9-5df85802dd1c","timestamp":"2014-01-29T20:28:21.558Z"}
{"level":"info","message":"Support no longer available support:ea3957dd-8110-4cab-acf9-5df85802dd1c","timestamp":"2014-01-29T20:28:21.560Z"}
{"level":"info","message":"Zombie disconnected support:ea3957dd-8110-4cab-acf9-5df85802dd1c","timestamp":"2014-01-29T20:28:21.561Z"}
{"level":"info","message":"Available support:ea3957dd-8110-4cab-acf9-5df85802dd1c","timestamp":"2014-01-29T20:28:21.566Z"}
{"level":"info","message":"Support no longer available support:ea3957dd-8110-4cab-acf9-5df85802dd1c","timestamp":"2014-01-29T20:29:14.416Z"}
{"level":"info","message":"Hello support ea3957dd-8110-4cab-acf9-5df85802dd1c","timestamp":"2014-01-29T20:29:15.074Z"}
{"level":"info","message":"Available support:ea3957dd-8110-4cab-acf9-5df85802dd1c","timestamp":"2014-01-29T20:29:15.075Z"}
{"level":"info","message":"Hello support ea3957dd-8110-4cab-acf9-5df85802dd1c","timestamp":"2014-01-29T20:39:08.739Z"}
{"level":"info","message":"Support no longer available support:ea3957dd-8110-4cab-acf9-5df85802dd1c","timestamp":"2014-01-29T20:39:08.741Z"}
{"level":"info","message":"Zombie disconnected support:ea3957dd-8110-4cab-acf9-5df85802dd1c","timestamp":"2014-01-29T20:39:08.742Z"}
{"level":"info","message":"Available support:ea3957dd-8110-4cab-acf9-5df85802dd1c","timestamp":"2014-01-29T20:39:08.751Z"}
{"level":"info","message":"Hello support ea3957dd-8110-4cab-acf9-5df85802dd1c","timestamp":"2014-01-29T20:39:15.249Z"}
{"level":"info","message":"Support no longer available support:ea3957dd-8110-4cab-acf9-5df85802dd1c","timestamp":"2014-01-29T20:39:15.250Z"}
{"level":"info","message":"Zombie disconnected support:ea3957dd-8110-4cab-acf9-5df85802dd1c","timestamp":"2014-01-29T20:39:15.251Z"}
{"level":"info","message":"Available support:ea3957dd-8110-4cab-acf9-5df85802dd1c","timestamp":"2014-01-29T20:39:15.256Z"}
{"level":"info","message":"iClick2Share server started 0.18","timestamp":"2014-01-29T20:41:41.533Z"}
{"level":"info","message":"Hello user ea3957dd-8110-4cab-acf9-5df85802dd1c","timestamp":"2014-01-29T20:48:41.462Z"}
{"level":"info","message":"Domain localhost","timestamp":"2014-01-29T20:48:41.463Z"}
{"level":"info","message":"Support unavailable localhost user:ea3957dd-8110-4cab-acf9-5df85802dd1c","timestamp":"2014-01-29T20:48:41.463Z"}
{"level":"info","message":"Hello support ea3957dd-8110-4cab-acf9-5df85802dd1c","timestamp":"2014-01-29T20:49:29.325Z"}
{"level":"info","message":"Available support:ea3957dd-8110-4cab-acf9-5df85802dd1c","timestamp":"2014-01-29T20:49:29.326Z"}
{"level":"info","message":"Hello user ea3957dd-8110-4cab-acf9-5df85802dd1c","timestamp":"2014-01-29T20:49:32.848Z"}
{"level":"info","message":"Assigned support:ea3957dd-8110-4cab-acf9-5df85802dd1c","timestamp":"2014-01-29T20:49:32.852Z"}
{"level":"info","message":"Attached support:ea3957dd-8110-4cab-acf9-5df85802dd1c user:ea3957dd-8110-4cab-acf9-5df85802dd1c","timestamp":"2014-01-29T20:49:32.857Z"}
{"level":"info","message":"Bye from user:ea3957dd-8110-4cab-acf9-5df85802dd1c","timestamp":"2014-01-29T20:50:11.913Z"}
{"level":"info","message":"Hello support ea3957dd-8110-4cab-acf9-5df85802dd1c","timestamp":"2014-01-29T20:50:13.461Z"}
{"level":"info","message":"Available support:ea3957dd-8110-4cab-acf9-5df85802dd1c","timestamp":"2014-01-29T20:50:13.461Z"}
{"level":"info","message":"Hello user fee869ce-12d0-49f1-8c21-ec12060399f4","timestamp":"2014-01-29T20:50:46.667Z"}
{"level":"info","message":"Assigned support:ea3957dd-8110-4cab-acf9-5df85802dd1c","timestamp":"2014-01-29T20:50:46.667Z"}
{"level":"info","message":"Attached support:ea3957dd-8110-4cab-acf9-5df85802dd1c user:fee869ce-12d0-49f1-8c21-ec12060399f4","timestamp":"2014-01-29T20:50:46.668Z"}
{"level":"info","message":"Bye from user:fee869ce-12d0-49f1-8c21-ec12060399f4","timestamp":"2014-01-29T20:51:04.612Z"}
{"level":"info","message":"Hello support ea3957dd-8110-4cab-acf9-5df85802dd1c","timestamp":"2014-01-29T20:51:06.326Z"}
{"level":"info","message":"Zombie disconnected support:ea3957dd-8110-4cab-acf9-5df85802dd1c","timestamp":"2014-01-29T20:51:06.326Z"}
{"level":"info","message":"Available support:ea3957dd-8110-4cab-acf9-5df85802dd1c","timestamp":"2014-01-29T20:51:06.340Z"}
{"level":"info","message":"iClick2Share server started 0.18","timestamp":"2014-02-05T22:44:26.784Z"}
{"level":"info","message":"Hello support ea3957dd-8110-4cab-acf9-5df85802dd1c","timestamp":"2014-02-05T22:44:36.651Z"}
{"level":"info","message":"Domain localhost","timestamp":"2014-02-05T22:44:36.652Z"}
{"level":"info","message":"Available support:ea3957dd-8110-4cab-acf9-5df85802dd1c","timestamp":"2014-02-05T22:44:36.654Z"}
{"level":"info","message":"Hello user ea3957dd-8110-4cab-acf9-5df85802dd1c","timestamp":"2014-02-05T22:44:53.140Z"}
{"level":"info","message":"Assigned support:ea3957dd-8110-4cab-acf9-5df85802dd1c","timestamp":"2014-02-05T22:44:53.146Z"}
{"level":"info","message":"Attached support:ea3957dd-8110-4cab-acf9-5df85802dd1c user:ea3957dd-8110-4cab-acf9-5df85802dd1c","timestamp":"2014-02-05T22:44:53.148Z"}
{"level":"info","message":"Bye from user:ea3957dd-8110-4cab-acf9-5df85802dd1c","timestamp":"2014-02-05T22:45:02.963Z"}
{"level":"info","message":"Hello support ea3957dd-8110-4cab-acf9-5df85802dd1c","timestamp":"2014-02-05T22:45:06.310Z"}
{"level":"info","message":"Available support:ea3957dd-8110-4cab-acf9-5df85802dd1c","timestamp":"2014-02-05T22:45:06.311Z"}
{"level":"info","message":"Support no longer available support:ea3957dd-8110-4cab-acf9-5df85802dd1c","timestamp":"2014-02-05T22:45:34.082Z"}
{"level":"info","message":"Hello support ea3957dd-8110-4cab-acf9-5df85802dd1c","timestamp":"2014-02-05T22:45:36.496Z"}
{"level":"info","message":"Domain test.com","timestamp":"2014-02-05T22:45:36.497Z"}
{"level":"info","message":"Available support:ea3957dd-8110-4cab-acf9-5df85802dd1c","timestamp":"2014-02-05T22:45:36.498Z"}
{"level":"info","message":"Hello user ea3957dd-8110-4cab-acf9-5df85802dd1c","timestamp":"2014-02-05T22:45:43.656Z"}
{"level":"info","message":"Assigned support:ea3957dd-8110-4cab-acf9-5df85802dd1c","timestamp":"2014-02-05T22:45:43.657Z"}
{"level":"info","message":"Attached support:ea3957dd-8110-4cab-acf9-5df85802dd1c user:ea3957dd-8110-4cab-acf9-5df85802dd1c","timestamp":"2014-02-05T22:45:43.659Z"}
{"level":"info","message":"iClick2Share server started 0.18","timestamp":"2014-02-07T10:20:25.212Z"}
{"level":"info","message":"iClick2Share server started 0.18","timestamp":"2014-02-07T11:09:11.497Z"}
{"level":"info","message":"Hello support ea3957dd-8110-4cab-acf9-5df85802dd1c","timestamp":"2014-02-07T11:10:17.674Z"}
{"level":"info","message":"Domain localhost","timestamp":"2014-02-07T11:10:17.676Z"}
{"level":"info","message":"Available support:ea3957dd-8110-4cab-acf9-5df85802dd1c","timestamp":"2014-02-07T11:10:17.676Z"}
{"level":"info","message":"Hello user ea3957dd-8110-4cab-acf9-5df85802dd1c","timestamp":"2014-02-07T11:10:20.272Z"}
{"level":"info","message":"Domain localhost","timestamp":"2014-02-07T11:10:20.273Z"}
{"level":"info","message":"Assigned support:ea3957dd-8110-4cab-acf9-5df85802dd1c","timestamp":"2014-02-07T11:10:20.274Z"}
{"level":"info","message":"Attached support:ea3957dd-8110-4cab-acf9-5df85802dd1c user:ea3957dd-8110-4cab-acf9-5df85802dd1c","timestamp":"2014-02-07T11:10:20.275Z"}
{"level":"info","message":"Bye from user:ea3957dd-8110-4cab-acf9-5df85802dd1c","timestamp":"2014-02-07T11:10:25.051Z"}
{"level":"info","message":"Hello support ea3957dd-8110-4cab-acf9-5df85802dd1c","timestamp":"2014-02-07T11:10:27.431Z"}
{"level":"info","message":"Domain localhost","timestamp":"2014-02-07T11:10:27.432Z"}
{"level":"info","message":"Available support:ea3957dd-8110-4cab-acf9-5df85802dd1c","timestamp":"2014-02-07T11:10:27.433Z"}
{"level":"info","message":"iClick2Share server started 0.18","timestamp":"2014-02-07T11:20:47.031Z"}
{"level":"info","message":"Hello user ea3957dd-8110-4cab-acf9-5df85802dd1c","timestamp":"2014-02-07T11:20:53.464Z"}
{"level":"info","message":"Domain localhost","timestamp":"2014-02-07T11:20:53.467Z"}
{"level":"info","message":"Support unavailable localhost user:ea3957dd-8110-4cab-acf9-5df85802dd1c","timestamp":"2014-02-07T11:20:53.468Z"}
{"level":"info","message":"Hello support ea3957dd-8110-4cab-acf9-5df85802dd1c","timestamp":"2014-02-07T11:21:01.791Z"}
{"level":"info","message":"Domain localhost","timestamp":"2014-02-07T11:21:01.793Z"}
{"level":"info","message":"Available support:ea3957dd-8110-4cab-acf9-5df85802dd1c","timestamp":"2014-02-07T11:21:01.794Z"}
{"level":"info","message":"Support no longer available support:ea3957dd-8110-4cab-acf9-5df85802dd1c","timestamp":"2014-02-07T11:21:02.922Z"}
{"level":"info","message":"Hello support ea3957dd-8110-4cab-acf9-5df85802dd1c","timestamp":"2014-02-07T11:21:05.457Z"}
{"level":"info","message":"Domain localhost","timestamp":"2014-02-07T11:21:05.459Z"}
{"level":"info","message":"Available support:ea3957dd-8110-4cab-acf9-5df85802dd1c","timestamp":"2014-02-07T11:21:05.459Z"}
{"level":"info","message":"Hello user ea3957dd-8110-4cab-acf9-5df85802dd1c","timestamp":"2014-02-07T11:21:06.464Z"}
{"level":"info","message":"Domain localhost","timestamp":"2014-02-07T11:21:06.466Z"}
{"level":"info","message":"Assigned support:ea3957dd-8110-4cab-acf9-5df85802dd1c","timestamp":"2014-02-07T11:21:06.467Z"}
{"level":"info","message":"Attached support:ea3957dd-8110-4cab-acf9-5df85802dd1c user:ea3957dd-8110-4cab-acf9-5df85802dd1c","timestamp":"2014-02-07T11:21:06.469Z"}
{"level":"info","message":"Waiting for user:ea3957dd-8110-4cab-acf9-5df85802dd1c","timestamp":"2014-02-07T11:21:09.385Z"}
{"level":"info","message":"Hello user ea3957dd-8110-4cab-acf9-5df85802dd1c","timestamp":"2014-02-07T11:21:11.806Z"}
{"level":"info","message":"Domain localhost","timestamp":"2014-02-07T11:21:11.807Z"}
{"level":"info","message":"Attached support:ea3957dd-8110-4cab-acf9-5df85802dd1c user:ea3957dd-8110-4cab-acf9-5df85802dd1c","timestamp":"2014-02-07T11:21:11.808Z"}
{"level":"info","message":"Bye from support:ea3957dd-8110-4cab-acf9-5df85802dd1c","timestamp":"2014-02-07T11:21:19.273Z"}
{"level":"info","message":"Waiting for support:ea3957dd-8110-4cab-acf9-5df85802dd1c","timestamp":"2014-02-07T11:21:19.274Z"}
{"level":"info","message":"Bye from support:ea3957dd-8110-4cab-acf9-5df85802dd1c","timestamp":"2014-02-07T11:21:19.275Z"}
{"level":"info","message":"Hello support ea3957dd-8110-4cab-acf9-5df85802dd1c","timestamp":"2014-02-07T11:21:21.675Z"}
{"level":"info","message":"Domain localhost","timestamp":"2014-02-07T11:21:21.676Z"}
{"level":"info","message":"To waiting user user:ea3957dd-8110-4cab-acf9-5df85802dd1c","timestamp":"2014-02-07T11:21:21.677Z"}
{"level":"info","message":"Attached support:ea3957dd-8110-4cab-acf9-5df85802dd1c user:ea3957dd-8110-4cab-acf9-5df85802dd1c","timestamp":"2014-02-07T11:21:21.678Z"}
{"level":"info","message":"iClick2Share server started 0.18","timestamp":"2014-02-07T11:25:16.158Z"}
{"level":"info","message":"Hello support ea3957dd-8110-4cab-acf9-5df85802dd1c","timestamp":"2014-02-07T11:25:30.139Z"}
{"level":"info","message":"Domain localhost","timestamp":"2014-02-07T11:25:30.141Z"}
{"level":"info","message":"Available support:ea3957dd-8110-4cab-acf9-5df85802dd1c","timestamp":"2014-02-07T11:25:30.143Z"}
{"level":"info","message":"Hello user ea3957dd-8110-4cab-acf9-5df85802dd1c","timestamp":"2014-02-07T11:25:40.124Z"}
{"level":"info","message":"Domain localhost","timestamp":"2014-02-07T11:25:40.125Z"}
{"level":"info","message":"Assigned support:ea3957dd-8110-4cab-acf9-5df85802dd1c","timestamp":"2014-02-07T11:25:40.127Z"}
{"level":"info","message":"Attached support:ea3957dd-8110-4cab-acf9-5df85802dd1c user:ea3957dd-8110-4cab-acf9-5df85802dd1c","timestamp":"2014-02-07T11:25:40.129Z"}
{"level":"info","message":"Bye from support:ea3957dd-8110-4cab-acf9-5df85802dd1c","timestamp":"2014-02-07T11:25:46.464Z"}
{"level":"info","message":"Hello support ea3957dd-8110-4cab-acf9-5df85802dd1c","timestamp":"2014-02-07T11:25:48.809Z"}
{"level":"info","message":"Domain localhost","timestamp":"2014-02-07T11:25:48.810Z"}
{"level":"info","message":"Available support:ea3957dd-8110-4cab-acf9-5df85802dd1c","timestamp":"2014-02-07T11:25:48.812Z"}
{"level":"info","message":"iClick2Share server started 0.18","timestamp":"2014-02-10T07:38:05.529Z"}
{"level":"info","message":"Hello support ea3957dd-8110-4cab-acf9-5df85802dd1c","timestamp":"2014-02-10T07:38:15.881Z"}
{"level":"info","message":"Domain localhost","timestamp":"2014-02-10T07:38:15.883Z"}
{"level":"info","message":"Available support:ea3957dd-8110-4cab-acf9-5df85802dd1c","timestamp":"2014-02-10T07:38:15.884Z"}
{"level":"info","message":"Hello user ea3957dd-8110-4cab-acf9-5df85802dd1c","timestamp":"2014-02-10T07:38:37.734Z"}
{"level":"info","message":"Domain localhost","timestamp":"2014-02-10T07:38:37.734Z"}
{"level":"info","message":"Assigned support:ea3957dd-8110-4cab-acf9-5df85802dd1c","timestamp":"2014-02-10T07:38:37.735Z"}
{"level":"info","message":"Attached support:ea3957dd-8110-4cab-acf9-5df85802dd1c user:ea3957dd-8110-4cab-acf9-5df85802dd1c","timestamp":"2014-02-10T07:38:37.737Z"}
{"level":"info","message":"Bye from support:ea3957dd-8110-4cab-acf9-5df85802dd1c","timestamp":"2014-02-10T07:44:25.021Z"}
{"level":"info","message":"Hello support ea3957dd-8110-4cab-acf9-5df85802dd1c","timestamp":"2014-02-10T07:44:27.718Z"}
{"level":"info","message":"Domain localhost","timestamp":"2014-02-10T07:44:27.718Z"}
{"level":"info","message":"Available support:ea3957dd-8110-4cab-acf9-5df85802dd1c","timestamp":"2014-02-10T07:44:27.719Z"}
{"level":"info","message":"iClick2Share server started 0.18","timestamp":"2014-02-10T08:00:22.076Z"}
{"level":"info","message":"Hello support ea3957dd-8110-4cab-acf9-5df85802dd1c","timestamp":"2014-02-10T08:00:29.156Z"}
{"level":"info","message":"Domain localhost","timestamp":"2014-02-10T08:00:29.160Z"}
{"level":"info","message":"Available support:ea3957dd-8110-4cab-acf9-5df85802dd1c","timestamp":"2014-02-10T08:00:29.162Z"}
{"level":"info","message":"Hello user ea3957dd-8110-4cab-acf9-5df85802dd1c","timestamp":"2014-02-10T08:00:35.380Z"}
{"level":"info","message":"Domain localhost","timestamp":"2014-02-10T08:00:35.381Z"}
{"level":"info","message":"Assigned support:ea3957dd-8110-4cab-acf9-5df85802dd1c","timestamp":"2014-02-10T08:00:35.382Z"}
{"level":"info","message":"Attached support:ea3957dd-8110-4cab-acf9-5df85802dd1c user:ea3957dd-8110-4cab-acf9-5df85802dd1c","timestamp":"2014-02-10T08:00:35.384Z"}
{"level":"info","message":"Bye from support:ea3957dd-8110-4cab-acf9-5df85802dd1c","timestamp":"2014-02-10T08:04:50.109Z"}
{"level":"info","message":"Hello support ea3957dd-8110-4cab-acf9-5df85802dd1c","timestamp":"2014-02-10T08:04:53.261Z"}
{"level":"info","message":"Domain localhost","timestamp":"2014-02-10T08:04:53.261Z"}
{"level":"info","message":"Available support:ea3957dd-8110-4cab-acf9-5df85802dd1c","timestamp":"2014-02-10T08:04:53.262Z"}
{"level":"info","message":"Support no longer available support:ea3957dd-8110-4cab-acf9-5df85802dd1c","timestamp":"2014-02-10T08:07:30.951Z"}
{"level":"info","message":"iClick2Share server started 0.18","timestamp":"2014-02-23T15:46:09.515Z"}
{"level":"info","message":"Hello support ea3957dd-8110-4cab-acf9-5df85802dd1c","timestamp":"2014-02-23T15:51:01.410Z"}
{"level":"info","message":"Domain localhost","timestamp":"2014-02-23T15:51:01.412Z"}
{"level":"info","message":"Available support:ea3957dd-8110-4cab-acf9-5df85802dd1c","timestamp":"2014-02-23T15:51:01.413Z"}
{"level":"info","message":"Support no longer available support:ea3957dd-8110-4cab-acf9-5df85802dd1c","timestamp":"2014-02-23T15:51:01.420Z"}
{"level":"info","message":"iClick2Share server started 0.18","timestamp":"2014-02-23T19:22:37.297Z"}
{"level":"info","message":"iClick2Share server started 0.18","timestamp":"2014-02-23T19:23:41.522Z"}
{"level":"info","message":"Hello support ea3957dd-8110-4cab-acf9-5df85802dd1c","timestamp":"2014-02-23T19:48:56.862Z"}
{"level":"info","message":"Domain localhost","timestamp":"2014-02-23T19:48:56.868Z"}
{"level":"info","message":"Available support:ea3957dd-8110-4cab-acf9-5df85802dd1c","timestamp":"2014-02-23T19:48:56.870Z"}
{"level":"info","message":"Hello support ea3957dd-8110-4cab-acf9-5df85802dd1c","timestamp":"2014-02-23T19:49:12.729Z"}
{"level":"info","message":"Domain localhost","timestamp":"2014-02-23T19:49:12.730Z"}
{"level":"info","message":"Support no longer available support:ea3957dd-8110-4cab-acf9-5df85802dd1c","timestamp":"2014-02-23T19:49:12.731Z"}
{"level":"info","message":"Zombie disconnected support:ea3957dd-8110-4cab-acf9-5df85802dd1c","timestamp":"2014-02-23T19:49:12.732Z"}
{"level":"info","message":"Available support:ea3957dd-8110-4cab-acf9-5df85802dd1c","timestamp":"2014-02-23T19:49:12.732Z"}
{"level":"info","message":"iClick2Share server started 0.18","timestamp":"2014-02-23T19:49:23.800Z"}
{"level":"info","message":"Hello support ea3957dd-8110-4cab-acf9-5df85802dd1c","timestamp":"2014-02-23T19:49:24.991Z"}
{"level":"info","message":"Domain localhost","timestamp":"2014-02-23T19:49:24.992Z"}
{"level":"info","message":"Available support:ea3957dd-8110-4cab-acf9-5df85802dd1c","timestamp":"2014-02-23T19:49:24.993Z"}
{"level":"info","message":"Support no longer available support:ea3957dd-8110-4cab-acf9-5df85802dd1c","timestamp":"2014-02-23T19:49:31.788Z"}
{"level":"info","message":"Hello support ea3957dd-8110-4cab-acf9-5df85802dd1c","timestamp":"2014-02-23T19:49:34.017Z"}
{"level":"info","message":"Domain localhost","timestamp":"2014-02-23T19:49:34.019Z"}
{"level":"info","message":"Available support:ea3957dd-8110-4cab-acf9-5df85802dd1c","timestamp":"2014-02-23T19:49:34.021Z"}
{"level":"info","message":"Support no longer available support:ea3957dd-8110-4cab-acf9-5df85802dd1c","timestamp":"2014-02-23T19:49:44.857Z"}
{"level":"info","message":"Hello support ea3957dd-8110-4cab-acf9-5df85802dd1c","timestamp":"2014-02-23T19:49:47.017Z"}
{"level":"info","message":"Domain localhost","timestamp":"2014-02-23T19:49:47.018Z"}
{"level":"info","message":"Available support:ea3957dd-8110-4cab-acf9-5df85802dd1c","timestamp":"2014-02-23T19:49:47.019Z"}
{"level":"info","message":"iClick2Share server started 0.18","timestamp":"2014-02-23T19:50:02.258Z"}
{"level":"info","message":"Hello support ea3957dd-8110-4cab-acf9-5df85802dd1c","timestamp":"2014-02-23T19:50:04.727Z"}
{"level":"info","message":"Domain localhost","timestamp":"2014-02-23T19:50:04.730Z"}
{"level":"info","message":"Available support:ea3957dd-8110-4cab-acf9-5df85802dd1c","timestamp":"2014-02-23T19:50:04.730Z"}
{"level":"info","message":"Support no longer available support:ea3957dd-8110-4cab-acf9-5df85802dd1c","timestamp":"2014-02-23T19:51:21.942Z"}
{"level":"info","message":"Hello support ea3957dd-8110-4cab-acf9-5df85802dd1c","timestamp":"2014-02-23T19:51:24.329Z"}
{"level":"info","message":"Domain localhost","timestamp":"2014-02-23T19:51:24.330Z"}
{"level":"info","message":"Available support:ea3957dd-8110-4cab-acf9-5df85802dd1c","timestamp":"2014-02-23T19:51:24.330Z"}
{"level":"info","message":"Support no longer available support:ea3957dd-8110-4cab-acf9-5df85802dd1c","timestamp":"2014-02-23T19:51:30.050Z"}
{"level":"info","message":"Hello support ea3957dd-8110-4cab-acf9-5df85802dd1c","timestamp":"2014-02-23T19:51:38.628Z"}
{"level":"info","message":"Domain localhost","timestamp":"2014-02-23T19:51:38.629Z"}
{"level":"info","message":"Available support:ea3957dd-8110-4cab-acf9-5df85802dd1c","timestamp":"2014-02-23T19:51:38.630Z"}
{"level":"info","message":"Support no longer available support:ea3957dd-8110-4cab-acf9-5df85802dd1c","timestamp":"2014-02-23T19:52:02.659Z"}
{"level":"info","message":"iClick2Share server started 0.18","timestamp":"2014-02-25T11:11:46.100Z"}
{"level":"info","message":"iClick2Share server started 0.18","timestamp":"2014-02-25T20:56:40.773Z"}
{"level":"info","message":"Hello support ea3957dd-8110-4cab-acf9-5df85802dd1c","timestamp":"2014-02-25T21:12:31.811Z"}
{"level":"info","message":"iClick2Share server started 0.18","timestamp":"2014-03-03T16:03:58.874Z"}
{"level":"info","message":"iClick2Share server started 0.2","timestamp":"2014-03-03T16:04:45.024Z"}
{"level":"info","message":"Connected _OnmNRNeVyjanopAsLFs","timestamp":"2014-03-03T16:06:36.938Z"}
{"level":"info","message":"Hello user-ea3957dd-8110-4cab-acf9-5df85802dd1c","timestamp":"2014-03-03T16:06:36.960Z"}
{"level":"info","message":"Support unavailable localhost user-ea3957dd-8110-4cab-acf9-5df85802dd1c","timestamp":"2014-03-03T16:06:36.976Z"}
{"level":"info","message":"Disconnect _OnmNRNeVyjanopAsLFs","timestamp":"2014-03-03T16:06:38.001Z"}
{"level":"info","message":"iClick2Share server started 0.2","timestamp":"2014-03-03T16:07:21.903Z"}
{"level":"info","message":"Connected 09zULa1PfpdlB-HssxZE","timestamp":"2014-03-03T16:07:22.980Z"}
{"level":"info","message":"Hello support-ea3957dd-8110-4cab-acf9-5df85802dd1c","timestamp":"2014-03-03T16:07:22.989Z"}
{"level":"info","message":"Connected 09zULa1PfpdlB-HssxZE","timestamp":"2014-03-03T16:07:39.508Z"}
{"level":"info","message":"Connected GR3JxxA1aHmTipIesxZF","timestamp":"2014-03-03T16:07:40.318Z"}
{"level":"info","message":"Hello user-ea3957dd-8110-4cab-acf9-5df85802dd1c","timestamp":"2014-03-03T16:07:40.339Z"}
{"level":"info","message":"Attached user-ea3957dd-8110-4cab-acf9-5df85802dd1c support-ea3957dd-8110-4cab-acf9-5df85802dd1c","timestamp":"2014-03-03T16:07:40.344Z"}
{"level":"info","message":"Connected GR3JxxA1aHmTipIesxZF","timestamp":"2014-03-03T16:07:56.883Z"}
{"level":"info","message":"iClick2Share server started 0.2","timestamp":"2014-03-03T16:12:47.092Z"}
{"level":"info","message":"Connected vcfunWbqNbd72_ONuAx6","timestamp":"2014-03-03T16:12:51.512Z"}
{"level":"info","message":"Hello support-ea3957dd-8110-4cab-acf9-5df85802dd1c","timestamp":"2014-03-03T16:12:51.517Z"}
{"level":"info","message":"Connected lpZ9eIVBZF-xH6vXuAx7","timestamp":"2014-03-03T16:12:59.642Z"}
{"level":"info","message":"Hello user-ea3957dd-8110-4cab-acf9-5df85802dd1c","timestamp":"2014-03-03T16:12:59.664Z"}
{"level":"info","message":"Attached user-ea3957dd-8110-4cab-acf9-5df85802dd1c support-ea3957dd-8110-4cab-acf9-5df85802dd1c","timestamp":"2014-03-03T16:12:59.677Z"}
{"level":"info","message":"Connected vcfunWbqNbd72_ONuAx6","timestamp":"2014-03-03T16:13:08.022Z"}
{"level":"info","message":"Connected lpZ9eIVBZF-xH6vXuAx7","timestamp":"2014-03-03T16:13:16.288Z"}
{"level":"info","message":"Bye from user-ea3957dd-8110-4cab-acf9-5df85802dd1c","timestamp":"2014-03-03T16:13:40.439Z"}
{"level":"info","message":"Disconnect lpZ9eIVBZF-xH6vXuAx7","timestamp":"2014-03-03T16:13:40.440Z"}
{"level":"info","message":"Disconnect vcfunWbqNbd72_ONuAx6","timestamp":"2014-03-03T16:13:41.453Z"}
{"level":"info","message":"Connected fqGorP7mqmkb6RIGuAx8","timestamp":"2014-03-03T16:13:42.854Z"}
{"level":"info","message":"Hello support-ea3957dd-8110-4cab-acf9-5df85802dd1c","timestamp":"2014-03-03T16:13:42.857Z"}
{"level":"info","message":"Connected fqGorP7mqmkb6RIGuAx8","timestamp":"2014-03-03T16:13:59.366Z"}
{"level":"info","message":"iClick2Share server started 0.2 (debug)","timestamp":"2014-03-16T15:40:33.118Z"}
{"level":"info","message":"Connected Ahlnkt7IS2Ro2ntKjTXk websocket HTTP","timestamp":"2014-03-16T15:40:39.327Z"}
{"level":"info","message":"Hello support-ea3957dd-8110-4cab-acf9-5df85802dd1c localhost","timestamp":"2014-03-16T15:40:39.332Z"}
{"level":"info","message":"Connected 7nHWOpRdKMgPUnoJjTXl websocket HTTP","timestamp":"2014-03-16T15:40:52.613Z"}
{"level":"info","message":"Hello user-fee869ce-12d0-49f1-8c21-ec12060399f4 localhost","timestamp":"2014-03-16T15:40:52.615Z"}
{"level":"info","message":"Attached user-fee869ce-12d0-49f1-8c21-ec12060399f4 support-ea3957dd-8110-4cab-acf9-5df85802dd1c","timestamp":"2014-03-16T15:40:52.621Z"}
{"level":"info","message":"Connected nBZSDhzakgzFgd_0jTXm websocket HTTP","timestamp":"2014-03-16T15:41:05.138Z"}
{"level":"info","message":"Hello user-fee869ce-12d0-49f1-8c21-ec12060399f4 localhost","timestamp":"2014-03-16T15:41:05.140Z"}
{"level":"info","message":"Stop waiting Ahlnkt7IS2Ro2ntKjTXk","timestamp":"2014-03-16T15:41:05.145Z"}
{"level":"info","message":"Attached user-fee869ce-12d0-49f1-8c21-ec12060399f4 support-ea3957dd-8110-4cab-acf9-5df85802dd1c","timestamp":"2014-03-16T15:41:05.146Z"}
{"level":"info","message":"Connected Qd4qbJuW15uRTp6EjTXn websocket HTTP","timestamp":"2014-03-16T15:41:12.698Z"}
{"level":"info","message":"Hello user-fee869ce-12d0-49f1-8c21-ec12060399f4 localhost","timestamp":"2014-03-16T15:41:12.700Z"}
{"level":"info","message":"Stop waiting Ahlnkt7IS2Ro2ntKjTXk","timestamp":"2014-03-16T15:41:12.711Z"}
{"level":"info","message":"Attached user-fee869ce-12d0-49f1-8c21-ec12060399f4 support-ea3957dd-8110-4cab-acf9-5df85802dd1c","timestamp":"2014-03-16T15:41:12.742Z"}
{"level":"info","message":"Bye from user-fee869ce-12d0-49f1-8c21-ec12060399f4","timestamp":"2014-03-16T15:41:23.984Z"}
{"level":"info","message":"Disconnect Qd4qbJuW15uRTp6EjTXn","timestamp":"2014-03-16T15:41:23.984Z"}
{"level":"info","message":"Disconnect Ahlnkt7IS2Ro2ntKjTXk","timestamp":"2014-03-16T15:41:24.990Z"}
{"level":"info","message":"Connected RMuQ1QVBsIg5RgDSjTXo websocket HTTP","timestamp":"2014-03-16T15:41:26.376Z"}
{"level":"info","message":"Hello support-ea3957dd-8110-4cab-acf9-5df85802dd1c localhost","timestamp":"2014-03-16T15:41:26.381Z"}
